# ******************************************************
# PLUTO 4.3 Grid File
# Generated on  Fri Apr 23 13:16:12 2021
# 
# DIMENSIONS: 2
# GEOMETRY:   CARTESIAN
# X1: [-10000.000000,  10000.000000], 150 point(s), 2 ghosts
# X2: [ 0.000000,  10000.000000], 300 point(s), 2 ghosts
# ******************************************************
150 
 1   -1.000000000000e+04    -9.866666666667e+03
 2   -9.866666666667e+03    -9.733333333333e+03
 3   -9.733333333333e+03    -9.600000000000e+03
 4   -9.600000000000e+03    -9.466666666667e+03
 5   -9.466666666667e+03    -9.333333333333e+03
 6   -9.333333333333e+03    -9.200000000000e+03
 7   -9.200000000000e+03    -9.066666666667e+03
 8   -9.066666666667e+03    -8.933333333333e+03
 9   -8.933333333333e+03    -8.800000000000e+03
 10   -8.800000000000e+03    -8.666666666667e+03
 11   -8.666666666667e+03    -8.533333333333e+03
 12   -8.533333333333e+03    -8.400000000000e+03
 13   -8.400000000000e+03    -8.266666666667e+03
 14   -8.266666666667e+03    -8.133333333333e+03
 15   -8.133333333333e+03    -8.000000000000e+03
 16   -8.000000000000e+03    -7.866666666667e+03
 17   -7.866666666667e+03    -7.733333333333e+03
 18   -7.733333333333e+03    -7.600000000000e+03
 19   -7.600000000000e+03    -7.466666666667e+03
 20   -7.466666666667e+03    -7.333333333333e+03
 21   -7.333333333333e+03    -7.200000000000e+03
 22   -7.200000000000e+03    -7.066666666667e+03
 23   -7.066666666667e+03    -6.933333333333e+03
 24   -6.933333333333e+03    -6.800000000000e+03
 25   -6.800000000000e+03    -6.666666666667e+03
 26   -6.666666666667e+03    -6.533333333333e+03
 27   -6.533333333333e+03    -6.400000000000e+03
 28   -6.400000000000e+03    -6.266666666667e+03
 29   -6.266666666667e+03    -6.133333333333e+03
 30   -6.133333333333e+03    -6.000000000000e+03
 31   -6.000000000000e+03    -5.866666666667e+03
 32   -5.866666666667e+03    -5.733333333333e+03
 33   -5.733333333333e+03    -5.600000000000e+03
 34   -5.600000000000e+03    -5.466666666667e+03
 35   -5.466666666667e+03    -5.333333333333e+03
 36   -5.333333333333e+03    -5.200000000000e+03
 37   -5.200000000000e+03    -5.066666666667e+03
 38   -5.066666666667e+03    -4.933333333333e+03
 39   -4.933333333333e+03    -4.800000000000e+03
 40   -4.800000000000e+03    -4.666666666667e+03
 41   -4.666666666667e+03    -4.533333333333e+03
 42   -4.533333333333e+03    -4.400000000000e+03
 43   -4.400000000000e+03    -4.266666666667e+03
 44   -4.266666666667e+03    -4.133333333333e+03
 45   -4.133333333333e+03    -4.000000000000e+03
 46   -4.000000000000e+03    -3.866666666667e+03
 47   -3.866666666667e+03    -3.733333333333e+03
 48   -3.733333333333e+03    -3.600000000000e+03
 49   -3.600000000000e+03    -3.466666666667e+03
 50   -3.466666666667e+03    -3.333333333333e+03
 51   -3.333333333333e+03    -3.200000000000e+03
 52   -3.200000000000e+03    -3.066666666667e+03
 53   -3.066666666667e+03    -2.933333333333e+03
 54   -2.933333333333e+03    -2.800000000000e+03
 55   -2.800000000000e+03    -2.666666666667e+03
 56   -2.666666666667e+03    -2.533333333333e+03
 57   -2.533333333333e+03    -2.400000000000e+03
 58   -2.400000000000e+03    -2.266666666667e+03
 59   -2.266666666667e+03    -2.133333333333e+03
 60   -2.133333333333e+03    -2.000000000000e+03
 61   -2.000000000000e+03    -1.866666666667e+03
 62   -1.866666666667e+03    -1.733333333333e+03
 63   -1.733333333333e+03    -1.600000000000e+03
 64   -1.600000000000e+03    -1.466666666667e+03
 65   -1.466666666667e+03    -1.333333333333e+03
 66   -1.333333333333e+03    -1.200000000000e+03
 67   -1.200000000000e+03    -1.066666666667e+03
 68   -1.066666666667e+03    -9.333333333333e+02
 69   -9.333333333333e+02    -8.000000000000e+02
 70   -8.000000000000e+02    -6.666666666667e+02
 71   -6.666666666667e+02    -5.333333333333e+02
 72   -5.333333333333e+02    -4.000000000000e+02
 73   -4.000000000000e+02    -2.666666666667e+02
 74   -2.666666666667e+02    -1.333333333333e+02
 75   -1.333333333333e+02    1.222133505507e-12
 76   0.000000000000e+00    1.333333333333e+02
 77   1.333333333333e+02    2.666666666667e+02
 78   2.666666666667e+02    4.000000000000e+02
 79   4.000000000000e+02    5.333333333333e+02
 80   5.333333333333e+02    6.666666666667e+02
 81   6.666666666667e+02    8.000000000000e+02
 82   8.000000000000e+02    9.333333333333e+02
 83   9.333333333333e+02    1.066666666667e+03
 84   1.066666666667e+03    1.200000000000e+03
 85   1.200000000000e+03    1.333333333333e+03
 86   1.333333333333e+03    1.466666666667e+03
 87   1.466666666667e+03    1.600000000000e+03
 88   1.600000000000e+03    1.733333333333e+03
 89   1.733333333333e+03    1.866666666667e+03
 90   1.866666666667e+03    2.000000000000e+03
 91   2.000000000000e+03    2.133333333333e+03
 92   2.133333333333e+03    2.266666666667e+03
 93   2.266666666667e+03    2.400000000000e+03
 94   2.400000000000e+03    2.533333333333e+03
 95   2.533333333333e+03    2.666666666667e+03
 96   2.666666666667e+03    2.800000000000e+03
 97   2.800000000000e+03    2.933333333333e+03
 98   2.933333333333e+03    3.066666666667e+03
 99   3.066666666667e+03    3.200000000000e+03
 100   3.200000000000e+03    3.333333333333e+03
 101   3.333333333333e+03    3.466666666667e+03
 102   3.466666666667e+03    3.600000000000e+03
 103   3.600000000000e+03    3.733333333333e+03
 104   3.733333333333e+03    3.866666666667e+03
 105   3.866666666667e+03    4.000000000000e+03
 106   4.000000000000e+03    4.133333333333e+03
 107   4.133333333333e+03    4.266666666667e+03
 108   4.266666666667e+03    4.400000000000e+03
 109   4.400000000000e+03    4.533333333333e+03
 110   4.533333333333e+03    4.666666666667e+03
 111   4.666666666667e+03    4.800000000000e+03
 112   4.800000000000e+03    4.933333333333e+03
 113   4.933333333333e+03    5.066666666667e+03
 114   5.066666666667e+03    5.200000000000e+03
 115   5.200000000000e+03    5.333333333333e+03
 116   5.333333333333e+03    5.466666666667e+03
 117   5.466666666667e+03    5.600000000000e+03
 118   5.600000000000e+03    5.733333333333e+03
 119   5.733333333333e+03    5.866666666667e+03
 120   5.866666666667e+03    6.000000000000e+03
 121   6.000000000000e+03    6.133333333333e+03
 122   6.133333333333e+03    6.266666666667e+03
 123   6.266666666667e+03    6.400000000000e+03
 124   6.400000000000e+03    6.533333333333e+03
 125   6.533333333333e+03    6.666666666667e+03
 126   6.666666666667e+03    6.800000000000e+03
 127   6.800000000000e+03    6.933333333333e+03
 128   6.933333333333e+03    7.066666666667e+03
 129   7.066666666667e+03    7.200000000000e+03
 130   7.200000000000e+03    7.333333333333e+03
 131   7.333333333333e+03    7.466666666667e+03
 132   7.466666666667e+03    7.600000000000e+03
 133   7.600000000000e+03    7.733333333333e+03
 134   7.733333333333e+03    7.866666666667e+03
 135   7.866666666667e+03    8.000000000000e+03
 136   8.000000000000e+03    8.133333333333e+03
 137   8.133333333333e+03    8.266666666667e+03
 138   8.266666666667e+03    8.400000000000e+03
 139   8.400000000000e+03    8.533333333333e+03
 140   8.533333333333e+03    8.666666666667e+03
 141   8.666666666667e+03    8.800000000000e+03
 142   8.800000000000e+03    8.933333333333e+03
 143   8.933333333333e+03    9.066666666667e+03
 144   9.066666666667e+03    9.200000000000e+03
 145   9.200000000000e+03    9.333333333333e+03
 146   9.333333333333e+03    9.466666666667e+03
 147   9.466666666667e+03    9.600000000000e+03
 148   9.600000000000e+03    9.733333333333e+03
 149   9.733333333333e+03    9.866666666667e+03
 150   9.866666666667e+03    1.000000000000e+04
300 
 1   0.000000000000e+00    3.333333333333e+01
 2   3.333333333333e+01    6.666666666667e+01
 3   6.666666666667e+01    1.000000000000e+02
 4   1.000000000000e+02    1.333333333333e+02
 5   1.333333333333e+02    1.666666666667e+02
 6   1.666666666667e+02    2.000000000000e+02
 7   2.000000000000e+02    2.333333333333e+02
 8   2.333333333333e+02    2.666666666667e+02
 9   2.666666666667e+02    3.000000000000e+02
 10   3.000000000000e+02    3.333333333333e+02
 11   3.333333333333e+02    3.666666666667e+02
 12   3.666666666667e+02    4.000000000000e+02
 13   4.000000000000e+02    4.333333333333e+02
 14   4.333333333333e+02    4.666666666667e+02
 15   4.666666666667e+02    5.000000000000e+02
 16   5.000000000000e+02    5.333333333333e+02
 17   5.333333333333e+02    5.666666666667e+02
 18   5.666666666667e+02    6.000000000000e+02
 19   6.000000000000e+02    6.333333333333e+02
 20   6.333333333333e+02    6.666666666667e+02
 21   6.666666666667e+02    7.000000000000e+02
 22   7.000000000000e+02    7.333333333333e+02
 23   7.333333333333e+02    7.666666666667e+02
 24   7.666666666667e+02    8.000000000000e+02
 25   8.000000000000e+02    8.333333333333e+02
 26   8.333333333333e+02    8.666666666667e+02
 27   8.666666666667e+02    9.000000000000e+02
 28   9.000000000000e+02    9.333333333333e+02
 29   9.333333333333e+02    9.666666666667e+02
 30   9.666666666667e+02    1.000000000000e+03
 31   1.000000000000e+03    1.033333333333e+03
 32   1.033333333333e+03    1.066666666667e+03
 33   1.066666666667e+03    1.100000000000e+03
 34   1.100000000000e+03    1.133333333333e+03
 35   1.133333333333e+03    1.166666666667e+03
 36   1.166666666667e+03    1.200000000000e+03
 37   1.200000000000e+03    1.233333333333e+03
 38   1.233333333333e+03    1.266666666667e+03
 39   1.266666666667e+03    1.300000000000e+03
 40   1.300000000000e+03    1.333333333333e+03
 41   1.333333333333e+03    1.366666666667e+03
 42   1.366666666667e+03    1.400000000000e+03
 43   1.400000000000e+03    1.433333333333e+03
 44   1.433333333333e+03    1.466666666667e+03
 45   1.466666666667e+03    1.500000000000e+03
 46   1.500000000000e+03    1.533333333333e+03
 47   1.533333333333e+03    1.566666666667e+03
 48   1.566666666667e+03    1.600000000000e+03
 49   1.600000000000e+03    1.633333333333e+03
 50   1.633333333333e+03    1.666666666667e+03
 51   1.666666666667e+03    1.700000000000e+03
 52   1.700000000000e+03    1.733333333333e+03
 53   1.733333333333e+03    1.766666666667e+03
 54   1.766666666667e+03    1.800000000000e+03
 55   1.800000000000e+03    1.833333333333e+03
 56   1.833333333333e+03    1.866666666667e+03
 57   1.866666666667e+03    1.900000000000e+03
 58   1.900000000000e+03    1.933333333333e+03
 59   1.933333333333e+03    1.966666666667e+03
 60   1.966666666667e+03    2.000000000000e+03
 61   2.000000000000e+03    2.033333333333e+03
 62   2.033333333333e+03    2.066666666667e+03
 63   2.066666666667e+03    2.100000000000e+03
 64   2.100000000000e+03    2.133333333333e+03
 65   2.133333333333e+03    2.166666666667e+03
 66   2.166666666667e+03    2.200000000000e+03
 67   2.200000000000e+03    2.233333333333e+03
 68   2.233333333333e+03    2.266666666667e+03
 69   2.266666666667e+03    2.300000000000e+03
 70   2.300000000000e+03    2.333333333333e+03
 71   2.333333333333e+03    2.366666666667e+03
 72   2.366666666667e+03    2.400000000000e+03
 73   2.400000000000e+03    2.433333333333e+03
 74   2.433333333333e+03    2.466666666667e+03
 75   2.466666666667e+03    2.500000000000e+03
 76   2.500000000000e+03    2.533333333333e+03
 77   2.533333333333e+03    2.566666666667e+03
 78   2.566666666667e+03    2.600000000000e+03
 79   2.600000000000e+03    2.633333333333e+03
 80   2.633333333333e+03    2.666666666667e+03
 81   2.666666666667e+03    2.700000000000e+03
 82   2.700000000000e+03    2.733333333333e+03
 83   2.733333333333e+03    2.766666666667e+03
 84   2.766666666667e+03    2.800000000000e+03
 85   2.800000000000e+03    2.833333333333e+03
 86   2.833333333333e+03    2.866666666667e+03
 87   2.866666666667e+03    2.900000000000e+03
 88   2.900000000000e+03    2.933333333333e+03
 89   2.933333333333e+03    2.966666666667e+03
 90   2.966666666667e+03    3.000000000000e+03
 91   3.000000000000e+03    3.033333333333e+03
 92   3.033333333333e+03    3.066666666667e+03
 93   3.066666666667e+03    3.100000000000e+03
 94   3.100000000000e+03    3.133333333333e+03
 95   3.133333333333e+03    3.166666666667e+03
 96   3.166666666667e+03    3.200000000000e+03
 97   3.200000000000e+03    3.233333333333e+03
 98   3.233333333333e+03    3.266666666667e+03
 99   3.266666666667e+03    3.300000000000e+03
 100   3.300000000000e+03    3.333333333333e+03
 101   3.333333333333e+03    3.366666666667e+03
 102   3.366666666667e+03    3.400000000000e+03
 103   3.400000000000e+03    3.433333333333e+03
 104   3.433333333333e+03    3.466666666667e+03
 105   3.466666666667e+03    3.500000000000e+03
 106   3.500000000000e+03    3.533333333333e+03
 107   3.533333333333e+03    3.566666666667e+03
 108   3.566666666667e+03    3.600000000000e+03
 109   3.600000000000e+03    3.633333333333e+03
 110   3.633333333333e+03    3.666666666667e+03
 111   3.666666666667e+03    3.700000000000e+03
 112   3.700000000000e+03    3.733333333333e+03
 113   3.733333333333e+03    3.766666666667e+03
 114   3.766666666667e+03    3.800000000000e+03
 115   3.800000000000e+03    3.833333333333e+03
 116   3.833333333333e+03    3.866666666667e+03
 117   3.866666666667e+03    3.900000000000e+03
 118   3.900000000000e+03    3.933333333333e+03
 119   3.933333333333e+03    3.966666666667e+03
 120   3.966666666667e+03    4.000000000000e+03
 121   4.000000000000e+03    4.033333333333e+03
 122   4.033333333333e+03    4.066666666667e+03
 123   4.066666666667e+03    4.100000000000e+03
 124   4.100000000000e+03    4.133333333333e+03
 125   4.133333333333e+03    4.166666666667e+03
 126   4.166666666667e+03    4.200000000000e+03
 127   4.200000000000e+03    4.233333333333e+03
 128   4.233333333333e+03    4.266666666667e+03
 129   4.266666666667e+03    4.300000000000e+03
 130   4.300000000000e+03    4.333333333333e+03
 131   4.333333333333e+03    4.366666666667e+03
 132   4.366666666667e+03    4.400000000000e+03
 133   4.400000000000e+03    4.433333333333e+03
 134   4.433333333333e+03    4.466666666667e+03
 135   4.466666666667e+03    4.500000000000e+03
 136   4.500000000000e+03    4.533333333333e+03
 137   4.533333333333e+03    4.566666666667e+03
 138   4.566666666667e+03    4.600000000000e+03
 139   4.600000000000e+03    4.633333333333e+03
 140   4.633333333333e+03    4.666666666667e+03
 141   4.666666666667e+03    4.700000000000e+03
 142   4.700000000000e+03    4.733333333333e+03
 143   4.733333333333e+03    4.766666666667e+03
 144   4.766666666667e+03    4.800000000000e+03
 145   4.800000000000e+03    4.833333333333e+03
 146   4.833333333333e+03    4.866666666667e+03
 147   4.866666666667e+03    4.900000000000e+03
 148   4.900000000000e+03    4.933333333333e+03
 149   4.933333333333e+03    4.966666666667e+03
 150   4.966666666667e+03    5.000000000000e+03
 151   5.000000000000e+03    5.033333333333e+03
 152   5.033333333333e+03    5.066666666667e+03
 153   5.066666666667e+03    5.100000000000e+03
 154   5.100000000000e+03    5.133333333333e+03
 155   5.133333333333e+03    5.166666666667e+03
 156   5.166666666667e+03    5.200000000000e+03
 157   5.200000000000e+03    5.233333333333e+03
 158   5.233333333333e+03    5.266666666667e+03
 159   5.266666666667e+03    5.300000000000e+03
 160   5.300000000000e+03    5.333333333333e+03
 161   5.333333333333e+03    5.366666666667e+03
 162   5.366666666667e+03    5.400000000000e+03
 163   5.400000000000e+03    5.433333333333e+03
 164   5.433333333333e+03    5.466666666667e+03
 165   5.466666666667e+03    5.500000000000e+03
 166   5.500000000000e+03    5.533333333333e+03
 167   5.533333333333e+03    5.566666666667e+03
 168   5.566666666667e+03    5.600000000000e+03
 169   5.600000000000e+03    5.633333333333e+03
 170   5.633333333333e+03    5.666666666667e+03
 171   5.666666666667e+03    5.700000000000e+03
 172   5.700000000000e+03    5.733333333333e+03
 173   5.733333333333e+03    5.766666666667e+03
 174   5.766666666667e+03    5.800000000000e+03
 175   5.800000000000e+03    5.833333333333e+03
 176   5.833333333333e+03    5.866666666667e+03
 177   5.866666666667e+03    5.900000000000e+03
 178   5.900000000000e+03    5.933333333333e+03
 179   5.933333333333e+03    5.966666666667e+03
 180   5.966666666667e+03    6.000000000000e+03
 181   6.000000000000e+03    6.033333333333e+03
 182   6.033333333333e+03    6.066666666667e+03
 183   6.066666666667e+03    6.100000000000e+03
 184   6.100000000000e+03    6.133333333333e+03
 185   6.133333333333e+03    6.166666666667e+03
 186   6.166666666667e+03    6.200000000000e+03
 187   6.200000000000e+03    6.233333333333e+03
 188   6.233333333333e+03    6.266666666667e+03
 189   6.266666666667e+03    6.300000000000e+03
 190   6.300000000000e+03    6.333333333333e+03
 191   6.333333333333e+03    6.366666666667e+03
 192   6.366666666667e+03    6.400000000000e+03
 193   6.400000000000e+03    6.433333333333e+03
 194   6.433333333333e+03    6.466666666667e+03
 195   6.466666666667e+03    6.500000000000e+03
 196   6.500000000000e+03    6.533333333333e+03
 197   6.533333333333e+03    6.566666666667e+03
 198   6.566666666667e+03    6.600000000000e+03
 199   6.600000000000e+03    6.633333333333e+03
 200   6.633333333333e+03    6.666666666667e+03
 201   6.666666666667e+03    6.700000000000e+03
 202   6.700000000000e+03    6.733333333333e+03
 203   6.733333333333e+03    6.766666666667e+03
 204   6.766666666667e+03    6.800000000000e+03
 205   6.800000000000e+03    6.833333333333e+03
 206   6.833333333333e+03    6.866666666667e+03
 207   6.866666666667e+03    6.900000000000e+03
 208   6.900000000000e+03    6.933333333333e+03
 209   6.933333333333e+03    6.966666666667e+03
 210   6.966666666667e+03    7.000000000000e+03
 211   7.000000000000e+03    7.033333333333e+03
 212   7.033333333333e+03    7.066666666667e+03
 213   7.066666666667e+03    7.100000000000e+03
 214   7.100000000000e+03    7.133333333333e+03
 215   7.133333333333e+03    7.166666666667e+03
 216   7.166666666667e+03    7.200000000000e+03
 217   7.200000000000e+03    7.233333333333e+03
 218   7.233333333333e+03    7.266666666667e+03
 219   7.266666666667e+03    7.300000000000e+03
 220   7.300000000000e+03    7.333333333333e+03
 221   7.333333333333e+03    7.366666666667e+03
 222   7.366666666667e+03    7.400000000000e+03
 223   7.400000000000e+03    7.433333333333e+03
 224   7.433333333333e+03    7.466666666667e+03
 225   7.466666666667e+03    7.500000000000e+03
 226   7.500000000000e+03    7.533333333333e+03
 227   7.533333333333e+03    7.566666666667e+03
 228   7.566666666667e+03    7.600000000000e+03
 229   7.600000000000e+03    7.633333333333e+03
 230   7.633333333333e+03    7.666666666667e+03
 231   7.666666666667e+03    7.700000000000e+03
 232   7.700000000000e+03    7.733333333333e+03
 233   7.733333333333e+03    7.766666666667e+03
 234   7.766666666667e+03    7.800000000000e+03
 235   7.800000000000e+03    7.833333333333e+03
 236   7.833333333333e+03    7.866666666667e+03
 237   7.866666666667e+03    7.900000000000e+03
 238   7.900000000000e+03    7.933333333333e+03
 239   7.933333333333e+03    7.966666666667e+03
 240   7.966666666667e+03    8.000000000000e+03
 241   8.000000000000e+03    8.033333333333e+03
 242   8.033333333333e+03    8.066666666667e+03
 243   8.066666666667e+03    8.100000000000e+03
 244   8.100000000000e+03    8.133333333333e+03
 245   8.133333333333e+03    8.166666666667e+03
 246   8.166666666667e+03    8.200000000000e+03
 247   8.200000000000e+03    8.233333333333e+03
 248   8.233333333333e+03    8.266666666667e+03
 249   8.266666666667e+03    8.300000000000e+03
 250   8.300000000000e+03    8.333333333333e+03
 251   8.333333333333e+03    8.366666666667e+03
 252   8.366666666667e+03    8.400000000000e+03
 253   8.400000000000e+03    8.433333333333e+03
 254   8.433333333333e+03    8.466666666667e+03
 255   8.466666666667e+03    8.500000000000e+03
 256   8.500000000000e+03    8.533333333333e+03
 257   8.533333333333e+03    8.566666666667e+03
 258   8.566666666667e+03    8.600000000000e+03
 259   8.600000000000e+03    8.633333333333e+03
 260   8.633333333333e+03    8.666666666667e+03
 261   8.666666666667e+03    8.700000000000e+03
 262   8.700000000000e+03    8.733333333333e+03
 263   8.733333333333e+03    8.766666666667e+03
 264   8.766666666667e+03    8.800000000000e+03
 265   8.800000000000e+03    8.833333333333e+03
 266   8.833333333333e+03    8.866666666667e+03
 267   8.866666666667e+03    8.900000000000e+03
 268   8.900000000000e+03    8.933333333333e+03
 269   8.933333333333e+03    8.966666666667e+03
 270   8.966666666667e+03    9.000000000000e+03
 271   9.000000000000e+03    9.033333333333e+03
 272   9.033333333333e+03    9.066666666667e+03
 273   9.066666666667e+03    9.100000000000e+03
 274   9.100000000000e+03    9.133333333333e+03
 275   9.133333333333e+03    9.166666666667e+03
 276   9.166666666667e+03    9.200000000000e+03
 277   9.200000000000e+03    9.233333333333e+03
 278   9.233333333333e+03    9.266666666667e+03
 279   9.266666666667e+03    9.300000000000e+03
 280   9.300000000000e+03    9.333333333333e+03
 281   9.333333333333e+03    9.366666666667e+03
 282   9.366666666667e+03    9.400000000000e+03
 283   9.400000000000e+03    9.433333333333e+03
 284   9.433333333333e+03    9.466666666667e+03
 285   9.466666666667e+03    9.500000000000e+03
 286   9.500000000000e+03    9.533333333333e+03
 287   9.533333333333e+03    9.566666666667e+03
 288   9.566666666667e+03    9.600000000000e+03
 289   9.600000000000e+03    9.633333333333e+03
 290   9.633333333333e+03    9.666666666667e+03
 291   9.666666666667e+03    9.700000000000e+03
 292   9.700000000000e+03    9.733333333333e+03
 293   9.733333333333e+03    9.766666666667e+03
 294   9.766666666667e+03    9.800000000000e+03
 295   9.800000000000e+03    9.833333333333e+03
 296   9.833333333333e+03    9.866666666667e+03
 297   9.866666666667e+03    9.900000000000e+03
 298   9.900000000000e+03    9.933333333333e+03
 299   9.933333333333e+03    9.966666666667e+03
 300   9.966666666667e+03    1.000000000000e+04
1 
 1   0.000000000000e+00    1.000000000000e+00
